<?xml version="1.0" encoding="utf-8"?><testsuites name="pytest tests"><testsuite name="pytest" errors="0" failures="1" skipped="0" tests="26" time="4.688" timestamp="2026-05-03T00:10:11.453995+00:00" hostname="agent-env-75261cca-49fd-4402-b57c-cdf9b1988099"><testcase classname="backend.tests.backend_test" name="test_root" time="0.244"><failure message="assert 404 == 200&#10; +  where 404 = &lt;Response [404]&gt;.status_code">backend/tests/backend_test.py:53: in test_root
    assert r.status_code == 200
E   assert 404 == 200
E    +  where 404 = &lt;Response [404]&gt;.status_code</failure></testcase><testcase classname="backend.tests.backend_test.TestAuth" name="test_admin_login" time="0.403" /><testcase classname="backend.tests.backend_test.TestAuth" name="test_invalid_login" time="0.408" /><testcase classname="backend.tests.backend_test.TestAuth" name="test_register_and_me" time="0.377" /><testcase classname="backend.tests.backend_test.TestAuth" name="test_duplicate_register" time="0.488" /><testcase classname="backend.tests.backend_test.TestAuth" name="test_me_unauthenticated" time="0.148" /><testcase classname="backend.tests.backend_test.TestAuth" name="test_logout" time="0.421" /><testcase classname="backend.tests.backend_test.TestProfile" name="test_get_profile" time="0.072" /><testcase classname="backend.tests.backend_test.TestProfile" name="test_update_profile_and_persist" time="0.113" /><testcase classname="backend.tests.backend_test.TestEvents" name="test_list_events_admin" time="0.431" /><testcase classname="backend.tests.backend_test.TestEvents" name="test_list_events_forbidden_for_user" time="0.049" /><testcase classname="backend.tests.backend_test.TestEvents" name="test_update_event" time="0.046" /><testcase classname="backend.tests.backend_test.TestEvents" name="test_get_event" time="0.051" /><testcase classname="backend.tests.backend_test.TestEvents" name="test_non_admin_cannot_create_event" time="0.050" /><testcase classname="backend.tests.backend_test.TestJoinAndDirectory" name="test_user_joins_event" time="0.164" /><testcase classname="backend.tests.backend_test.TestJoinAndDirectory" name="test_user2_joins_event" time="0.377" /><testcase classname="backend.tests.backend_test.TestJoinAndDirectory" name="test_get_attendees" time="0.053" /><testcase classname="backend.tests.backend_test.TestJoinAndDirectory" name="test_search_filter_by_industry" time="0.059" /><testcase classname="backend.tests.backend_test.TestJoinAndDirectory" name="test_search_by_name" time="0.054" /><testcase classname="backend.tests.backend_test.TestJoinAndDirectory" name="test_filter_by_interests" time="0.054" /><testcase classname="backend.tests.backend_test.TestContacts" name="test_save_and_list_contact" time="0.161" /><testcase classname="backend.tests.backend_test.TestContacts" name="test_is_saved" time="0.053" /><testcase classname="backend.tests.backend_test.TestContacts" name="test_update_note" time="0.103" /><testcase classname="backend.tests.backend_test.TestContacts" name="test_remove_contact" time="0.097" /><testcase classname="backend.tests.backend_test.TestAdminStats" name="test_admin_stats" time="0.047" /><testcase classname="backend.tests.backend_test.TestAdminStats" name="test_non_admin_stats_forbidden" time="0.050" /></testsuite></testsuites>